Последняя строка из /var/log/alternatives.log:

Последняя строка из /var/log/apport.log:

Последняя строка из /var/log/auth.log:

Последняя строка из /var/log/bootstrap.log:
Processing triggers for libc-bin (2.39-0ubuntu8) ...

Последняя строка из /var/log/cloud-init-output.log:

Последняя строка из /var/log/cloud-init.log:

Последняя строка из /var/log/dpkg.log:
2025-04-02 06:54:44 startup packages configure

Последняя строка из /var/log/fail2ban.log:

Последняя строка из /var/log/kern.log:

Последняя строка из /var/log/ubuntu-advantage-apt-hook.log:

Последняя строка из /var/log/alternatives.log:

Последняя строка из /var/log/apport.log:

Последняя строка из /var/log/auth.log:

Последняя строка из /var/log/bootstrap.log:
Processing triggers for libc-bin (2.39-0ubuntu8) ...

Последняя строка из /var/log/cloud-init-output.log:

Последняя строка из /var/log/cloud-init.log:

Последняя строка из /var/log/dpkg.log:
2025-04-02 06:54:44 startup packages configure

Последняя строка из /var/log/fail2ban.log:

Последняя строка из /var/log/kern.log:

Последняя строка из /var/log/ubuntu-advantage-apt-hook.log:

